B-EC
B-EF
B-EP
B-ETM
B-ETN
B-IC
B-JC
B-JKB
B-JKC
B-JKG
B-JKO
B-JKQ
B-JKS
B-JKV
B-JX
B-MAG
B-MAJ
B-MM
B-NNB
B-NNG
B-NNP
B-NP
B-NR
B-SE
B-SF
B-SH
B-SL
B-SN
B-SO
B-SP
B-SS
B-SW
B-SWK
B-VA
B-VCN
B-VCP
B-VV
B-VX
B-XPN
B-XR
B-XSA
B-XSN
B-XSV
B-ZN
B-ZV
B-ZZ
I-EC
I-EF
I-EP
I-ETM
I-ETN
I-IC
I-JC
I-JKB
I-JKC
I-JKG
I-JKO
I-JKQ
I-JKS
I-JKV
I-JX
I-MAG
I-MAJ
I-MM
I-NNB
I-NNG
I-NNP
I-NP
I-NR
I-SE
I-SF
I-SH
I-SL
I-SN
I-SO
I-SP
I-SS
I-SW
I-SWK
I-VA
I-VCN
I-VCP
I-VV
I-VX
I-XPN
I-XR
I-XSA
I-XSN
I-XSV
I-ZN
I-ZV
I-ZZ
B-EP:I-EC:0
B-EP:I-EF:0
B-EP:I-ETM:0
B-JKB:I-JKG:0
B-JKB:I-JX:0
B-JX:0
B-JX:I-JX:0
B-NNG:0
B-NNG:B-NNG:0
B-NNG:I-JC:0
B-NNG:I-JKB:0
B-NNG:I-JKB:1
B-NNG:I-JKG:0
B-NNG:I-JKO:0
B-NNG:I-JX:0
B-NNG:I-NNB:0
B-NNG:I-NNG:0
B-NNG:I-NNG:1
B-NNG:I-SP:0
B-NNG:I-VCP:0
B-NNG:I-VCP:I-ETM:0
B-NNG:I-XSA:0
B-NNG:I-XSA:I-EC:0
B-NNG:I-XSA:I-ETM:0
B-NNP:I-NNP:0
B-SE:I-NNG:0
B-SE:I-SF:0
B-SE:I-SS:0
B-SP:I-NNG:0
B-XPN:I-NNG:0
B-XSN:I-JKO:0
I-EC:0
I-EC:1
I-EC:I-EC:0
I-EC:I-EC:1
I-EC:I-EC:2
I-EC:I-EC:3
I-EC:I-EC:4
I-EC:I-EC:I-JKO:0
I-EC:I-EC:I-JX:0
I-EC:I-EC:I-JX:1
I-EC:I-EF:0
I-EC:I-EP:I-EF:0
I-EC:I-ETM:0
I-EC:I-JKO:0
I-EC:I-JX:0
I-EC:I-JX:1
I-EC:I-NNG:0
I-EC:I-SE:0
I-EC:I-SE:1
I-EC:I-SE:2
I-EC:I-SF:0
I-EC:I-SF:1
I-EC:I-SO:0
I-EC:I-SO:1
I-EC:I-SP:0
I-EC:I-SP:1
I-EC:I-SP:2
I-EC:I-SP:3
I-EC:I-SS:0
I-EC:I-SS:1
I-EC:I-SS:2
I-EC:I-SS:3
I-EC:I-SW:0
I-EC:I-SW:1
I-EC:I-VA:0
I-EC:I-VCP:I-EC:0
I-EC:I-VV:0
I-EC:I-VV:1
I-EC:I-VV:I-EC:0
I-EC:I-VV:I-EF:0
I-EC:I-VV:I-EP:0
I-EC:I-VV:I-ETM:0
I-EC:I-VV:I-ETM:1
I-EC:I-VV:I-ETN:0
I-EC:I-VX:0
I-EC:I-VX:1
I-EC:I-VX:2
I-EC:I-VX:I-EC:0
I-EC:I-VX:I-EC:1
I-EC:I-VX:I-EF:0
I-EC:I-VX:I-EF:1
I-EC:I-VX:I-ETM:0
I-EC:I-VX:I-ETM:1
I-EC:I-VX:I-ETN:0
I-EC:I-VX:I-ETN:1
I-EC:I-XSN:0
I-EC:I-ZV:0
I-EF:0
I-EF:1
I-EF:I-EF:0
I-EF:I-EF:1
I-EF:I-EF:2
I-EF:I-JX:0
I-EF:I-SF:0
I-EF:I-SF:1
I-EF:I-SF:2
I-EF:I-SF:3
I-EP:0
I-EP:1
I-EP:B-EP:0
I-EP:I-EC:0
I-EP:I-EC:1
I-EP:I-EF:0
I-EP:I-EF:1
I-EP:I-EF:2
I-EP:I-EP:0
I-EP:I-ETM:0
I-EP:I-ETN:0
I-EP:I-JX:0
I-EP:I-ZZ:0
I-ETM:0
I-ETM:1
I-ETM:2
I-ETM:I-ETM:0
I-ETM:I-NNB:0
I-ETM:I-NNG:0
I-ETM:I-SP:0
I-ETM:I-SS:0
I-ETM:I-VA:0
I-ETN:0
I-ETN:1
I-ETN:I-EC:0
I-ETN:I-JKB:0
I-ETN:I-JKO:0
I-ETN:I-JX:0
I-ETN:I-SP:0
I-ETN:I-SS:0
I-IC:0
I-IC:I-ETN:0
I-IC:I-JKO:0
I-IC:I-JX:0
I-IC:I-SP:0
I-JC:I-JC:0
I-JC:I-JX:0
I-JKB:0
I-JKB:B-JKB:0
I-JKB:I-EC:0
I-JKB:I-ETM:0
I-JKB:I-JKB:0
I-JKB:I-JKB:I-JX:0
I-JKB:I-JKG:0
I-JKB:I-JKO:0
I-JKB:I-JX:0
I-JKB:I-VCP:I-EC:0
I-JKG:I-NNG:0
I-JKO:0
I-JKQ:I-JKQ:0
I-JKQ:I-JX:0
I-JKS:0
I-JKS:I-JKG:0
I-JKS:I-JKO:0
I-JKS:I-JX:0
I-JKV:I-JKV:0
I-JX:0
I-JX:B-JX:0
I-JX:I-EC:0
I-JX:I-JKB:0
I-JX:I-JKG:0
I-JX:I-JX:0
I-JX:I-VCP:I-EC:0
I-JX:I-VCP:I-ETM:0
I-JX:I-XSN:0
I-MAG:0
I-MAG:I-JX:0
I-MAG:I-MAG:0
I-MAG:I-SF:0
I-MAG:I-XSV:I-EC:0
I-MAG:I-XSV:I-EP:0
I-MAJ:0
I-MAJ:I-JX:0
I-MM:0
I-MM:I-ETM:0
I-MM:I-NNG:I-NNG:0
I-NNB:0
I-NNB:I-EC:0
I-NNB:I-ETM:0
I-NNB:I-JKB:0
I-NNB:I-JKC:0
I-NNB:I-JKO:0
I-NNB:I-JKO:1
I-NNB:I-JKS:0
I-NNB:I-JX:0
I-NNB:I-JX:1
I-NNB:I-SS:0
I-NNB:I-VCP:0
I-NNB:I-VCP:I-EC:0
I-NNB:I-VCP:I-EF:0
I-NNG:0
I-NNG:1
I-NNG:B-NNG:0
I-NNG:I-EC:0
I-NNG:I-EF:0
I-NNG:I-ETN:0
I-NNG:I-ETN:1
I-NNG:I-JKB:0
I-NNG:I-JKG:0
I-NNG:I-JKO:0
I-NNG:I-JKS:0
I-NNG:I-JKV:0
I-NNG:I-JX:0
I-NNG:I-JX:1
I-NNG:I-NNG:0
I-NNG:I-NNG:1
I-NNG:I-NNG:2
I-NNG:I-SF:0
I-NNG:I-SP:0
I-NNG:I-SS:0
I-NNG:I-SW:0
I-NNG:I-VCP:I-EC:0
I-NNG:I-VCP:I-EF:0
I-NNP:0
I-NNP:1
I-NNP:I-ETM:0
I-NNP:I-JKB:0
I-NNP:I-JKG:0
I-NNP:I-JKO:0
I-NNP:I-JX:0
I-NNP:I-NNP:0
I-NNP:I-SP:0
I-NNP:I-SS:0
I-NP:0
I-NP:I-EC:0
I-NP:I-ETM:0
I-NP:I-JKB:0
I-NP:I-JKC:0
I-NP:I-JKG:0
I-NP:I-JKO:0
I-NP:I-JKO:1
I-NP:I-JKS:0
I-NP:I-JX:0
I-NP:I-JX:1
I-NP:I-NP:0
I-NP:I-NP:I-JKB:0
I-NP:I-NP:I-JKO:0
I-NP:I-NP:I-VCP:I-EF:0
I-NP:I-VCP:I-EC:0
I-NP:I-VCP:I-EF:0
I-NP:I-VV:0
I-NR:0
I-NR:I-ETM:0
I-NR:I-JKO:0
I-NR:I-JX:0
I-NR:I-NR:0
I-SE:B-SE:0
I-SE:I-SF:0
I-SF:I-JKB:0
I-SF:I-NNG:0
I-SF:I-NNP:0
I-SF:I-SS:0
I-SF:I-VCP:I-EC:0
I-SF:I-VV:I-ETM:0
I-SF:I-XSN:0
I-SL:I-SL:0
I-SN:I-NNG:0
I-SP:B-SP:0
I-SP:I-NNG:0
I-SP:I-NNP:0
I-SP:I-SF:0
I-SS:I-NNG:0
I-VA:0
I-VA:1
I-VA:2
I-VA:3
I-VA:I-EC:0
I-VA:I-EC:1
I-VA:I-EC:2
I-VA:I-EC:3
I-VA:I-EF:0
I-VA:I-EF:1
I-VA:I-EF:2
I-VA:I-EP:0
I-VA:I-EP:1
I-VA:I-EP:2
I-VA:I-ETM:0
I-VA:I-ETM:1
I-VA:I-ETM:2
I-VA:I-ETN:0
I-VA:I-ETN:1
I-VA:I-VA:0
I-VCN:I-EC:0
I-VCN:I-EC:1
I-VCN:I-EF:0
I-VCN:I-EF:1
I-VCN:I-EP:0
I-VCN:I-ETM:0
I-VCN:I-ETN:0
I-VCP:I-EC:0
I-VCP:I-EC:1
I-VCP:I-EC:2
I-VCP:I-EC:I-JX:0
I-VCP:I-EC:I-VV:I-EP:0
I-VCP:I-EC:I-VX:0
I-VCP:I-EF:0
I-VCP:I-EF:1
I-VCP:I-EF:2
I-VCP:I-EF:3
I-VCP:I-EP:0
I-VCP:I-EP:1
I-VCP:I-EP:I-EC:0
I-VCP:I-EP:I-EF:0
I-VCP:I-EP:I-ETM:0
I-VCP:I-ETM:0
I-VCP:I-ETM:1
I-VCP:I-ETN:0
I-VCP:I-ETN:I-JX:0
I-VCP:I-JKB:0
I-VCP:I-JKO:0
I-VCP:I-JKQ:0
I-VCP:I-JX:0
I-VCP:I-NNG:0
I-VCP:I-NNP:0
I-VCP:I-VV:0
I-VCP:I-ZZ:0
I-VV:0
I-VV:1
I-VV:2
I-VV:3
I-VV:I-EC:0
I-VV:I-EC:1
I-VV:I-EC:2
I-VV:I-EC:3
I-VV:I-EC:4
I-VV:I-EC:5
I-VV:I-EC:6
I-VV:I-EC:7
I-VV:I-EF:0
I-VV:I-EF:1
I-VV:I-EF:2
I-VV:I-EF:3
I-VV:I-EP:0
I-VV:I-EP:1
I-VV:I-EP:2
I-VV:I-EP:3
I-VV:I-EP:4
I-VV:I-EP:I-EF:0
I-VV:I-ETM:0
I-VV:I-ETM:1
I-VV:I-ETM:2
I-VV:I-ETM:3
I-VV:I-ETM:4
I-VV:I-ETN:0
I-VV:I-ETN:1
I-VV:I-JKO:0
I-VV:I-VV:0
I-VV:I-VV:1
I-VV:I-VV:I-ETM:0
I-VV:I-ZZ:0
I-VX:0
I-VX:I-EC:0
I-VX:I-EC:1
I-VX:I-EF:0
I-VX:I-EF:1
I-VX:I-EF:2
I-VX:I-EP:0
I-VX:I-EP:1
I-VX:I-ETM:0
I-VX:I-ETM:1
I-VX:I-ETM:2
I-VX:I-ETN:0
I-VX:I-VX:0
I-XPN:I-NNG:0
I-XR:0
I-XR:1
I-XR:I-JX:0
I-XSA:0
I-XSA:I-EC:0
I-XSA:I-EC:1
I-XSA:I-EC:I-EC:0
I-XSA:I-EC:I-VX:0
I-XSA:I-EF:0
I-XSA:I-EF:1
I-XSA:I-EP:0
I-XSA:I-EP:1
I-XSA:I-ETM:0
I-XSA:I-ETM:1
I-XSA:I-ETN:0
I-XSA:I-JKO:0
I-XSA:I-JX:0
I-XSN:0
I-XSN:I-ETM:0
I-XSN:I-JKB:0
I-XSN:I-JKG:0
I-XSN:I-JKO:0
I-XSN:I-JKS:0
I-XSN:I-JKV:0
I-XSN:I-JX:0
I-XSN:I-SP:0
I-XSN:I-VV:0
I-XSN:I-XSN:0
I-XSV:0
I-XSV:I-EC:0
I-XSV:I-EC:1
I-XSV:I-EC:2
I-XSV:I-EC:I-JX:0
I-XSV:I-EF:0
I-XSV:I-EF:1
I-XSV:I-EF:2
I-XSV:I-EP:0
I-XSV:I-EP:1
I-XSV:I-EP:2
I-XSV:I-ETM:0
I-XSV:I-ETM:1
I-XSV:I-ETN:0
I-XSV:I-JKO:0
I-XSV:I-JX:0
I-ZN:I-ZN:0
I-ZV:I-EF:0
